[ 05/09/2022 14:15:48.378 glx_has_extension INFO ] Found GLX extension GLX_SGI_video_sync.
[ 05/09/2022 14:15:48.378 glx_has_extension INFO ] Found GLX extension GLX_SGI_swap_control.
[ 05/09/2022 14:15:48.378 glx_has_extension INFO ] Found GLX extension GLX_OML_sync_control.
[ 05/09/2022 14:15:48.378 glx_has_extension INFO ] Found GLX extension GLX_MESA_swap_control.
[ 05/09/2022 14:15:48.378 glx_has_extension INFO ] Found GLX extension GLX_EXT_swap_control.
[ 05/09/2022 14:15:48.378 glx_has_extension INFO ] Found GLX extension GLX_EXT_texture_from_pixmap.
[ 05/09/2022 14:15:48.378 glx_has_extension INFO ] Found GLX extension GLX_ARB_create_context.
[ 05/09/2022 14:15:48.378 glx_has_extension INFO ] Found GLX extension GLX_EXT_buffer_age.
[ 05/09/2022 14:15:48.378 glx_has_extension INFO ] Found GLX extension GLX_ARB_create_context_robustness.
[ 05/09/2022 14:15:48.378 glx_has_extension INFO ] Found GLX extension GLX_MESA_query_renderer.
[ 05/09/2022 14:15:48.422 gl_has_extension INFO ] Missing GL extension GL_GREMEDY_string_marker.
[ 05/10/2022 06:42:48.044 glx_has_extension INFO ] Found GLX extension GLX_SGI_video_sync.
[ 05/10/2022 06:42:48.044 glx_has_extension INFO ] Found GLX extension GLX_SGI_swap_control.
[ 05/10/2022 06:42:48.044 glx_has_extension INFO ] Found GLX extension GLX_OML_sync_control.
[ 05/10/2022 06:42:48.044 glx_has_extension INFO ] Found GLX extension GLX_MESA_swap_control.
[ 05/10/2022 06:42:48.044 glx_has_extension INFO ] Found GLX extension GLX_EXT_swap_control.
[ 05/10/2022 06:42:48.044 glx_has_extension INFO ] Found GLX extension GLX_EXT_texture_from_pixmap.
[ 05/10/2022 06:42:48.044 glx_has_extension INFO ] Found GLX extension GLX_ARB_create_context.
[ 05/10/2022 06:42:48.044 glx_has_extension INFO ] Found GLX extension GLX_EXT_buffer_age.
[ 05/10/2022 06:42:48.044 glx_has_extension INFO ] Found GLX extension GLX_ARB_create_context_robustness.
[ 05/10/2022 06:42:48.044 glx_has_extension INFO ] Found GLX extension GLX_MESA_query_renderer.
[ 05/10/2022 06:42:48.375 gl_has_extension INFO ] Missing GL extension GL_GREMEDY_string_marker.
[ 05/10/2022 10:02:28.882 configure_root INFO ] Root configuration changed, new geometry: 5760x1080
[ 05/10/2022 10:02:28.970 gl_has_extension INFO ] Missing GL extension GL_GREMEDY_string_marker.
[ 05/10/2022 10:02:30.497 configure_root INFO ] Root configuration changed, new geometry: 1920x1080
[ 05/10/2022 10:02:30.510 gl_has_extension INFO ] Missing GL extension GL_GREMEDY_string_marker.
[ 05/10/2022 10:02:53.739 configure_root INFO ] Root configuration changed, new geometry: 5760x1080
[ 05/10/2022 10:02:53.763 gl_has_extension INFO ] Missing GL extension GL_GREMEDY_string_marker.
[ 05/10/2022 10:02:55.010 configure_root INFO ] Root configuration changed, new geometry: 5760x1080
[ 05/10/2022 10:02:55.021 gl_has_extension INFO ] Missing GL extension GL_GREMEDY_string_marker.
